<?xml version="1.0" encoding="UTF-8"?>
<!-- Generated by org.testng.reporters.JUnitReportReporter -->
<testsuite skipped="0" hostname="Yogesh" name="testng.Sample2$Example_Param5" tests="3" failures="0" timestamp="2022-05-02T04:00:45 PDT" time="0.030" errors="0">
  <testcase name="login" time="0.000" classname="testng.Sample2$Example_Param5"/>
  <system-out/>
  <testcase name="signIn" time="0.015" classname="testng.Sample2$Example_Param5"/>
  <system-out/>
  <testcase name="checkNotification" time="0.015" classname="testng.Sample2$Example_Param5"/>
  <system-out/>
</testsuite> <!-- testng.Sample2$Example_Param5 -->
