<?xml version="1.0" encoding="UTF-8"?>
<!-- Generated by org.testng.reporters.JUnitReportReporter -->
<testsuite skipped="0" hostname="Yogesh" name="testng.Sample1" tests="5" failures="0" timestamp="2022-05-02T02:07:57 PDT" time="0.050" errors="0">
  <testcase name="param1" time="0.012" classname="testng.Sample1"/>
  <system-out/>
  <testcase name="param1" time="0.001" classname="testng.Sample1"/>
  <system-out/>
  <testcase name="param1" time="0.016" classname="testng.Sample1"/>
  <system-out/>
  <testcase name="param1" time="0.010" classname="testng.Sample1"/>
  <system-out/>
  <testcase name="param1" time="0.011" classname="testng.Sample1"/>
  <system-out/>
</testsuite> <!-- testng.Sample1 -->
