<?xml version="1.0" encoding="UTF-8"?>
<!-- Generated by org.testng.reporters.JUnitReportReporter -->
<testsuite skipped="0" hostname="Yogesh" name="testng.Sample2" tests="1" failures="0" timestamp="2022-05-02T04:21:10 PDT" time="18.922" errors="0">
  <testcase name="loginPageValidationInActitimeApplication" time="18.922" classname="testng.Sample2"/>
  <system-out/>
</testsuite> <!-- testng.Sample2 -->
